[debug] [2023-10-21T19:09:26.380Z] ----------------------------------------------------------------------
[debug] [2023-10-21T19:09:26.389Z] Command:       C:\Program Files\nodejs\node.exe C:\Users\mshah\AppData\Roaming\npm\node_modules\firebase-tools\lib\bin\firebase.js init
[debug] [2023-10-21T19:09:26.390Z] CLI Version:   12.5.4
[debug] [2023-10-21T19:09:26.391Z] Platform:      win32
[debug] [2023-10-21T19:09:26.392Z] Node Version:  v18.18.0
[debug] [2023-10-21T19:09:26.395Z] Time:          Sun Oct 22 2023 00:09:26 GMT+0500 (Pakistan Standard Time)
[debug] [2023-10-21T19:09:26.395Z] ----------------------------------------------------------------------
[debug] 
[debug] [2023-10-21T19:09:26.413Z] >>> [apiv2][query] GET https://firebase-public.firebaseio.com/cli.json [none]
[debug] [2023-10-21T19:09:26.573Z] > command requires scopes: ["email","openid","https://www.googleapis.com/auth/cloudplatformprojects.readonly","https://www.googleapis.com/auth/firebase","https://www.googleapis.com/auth/cloud-platform"]
[debug] [2023-10-21T19:09:26.574Z] > authorizing via signed-in user (mshahzaibkhan17@gmail.com)
[info] 
     ######## #### ########  ######## ########     ###     ######  ########
     ##        ##  ##     ## ##       ##     ##  ##   ##  ##       ##
     ######    ##  ########  ######   ########  #########  ######  ######
     ##        ##  ##    ##  ##       ##     ## ##     ##       ## ##
     ##       #### ##     ## ######## ########  ##     ##  ######  ########

You're about to initialize a Firebase project in this directory:

  D:\Web and Mobile App Development\Module B\React Class\blood-bank-app

[debug] [2023-10-21T19:09:27.861Z] <<< [apiv2][status] GET https://firebase-public.firebaseio.com/cli.json 200
[debug] [2023-10-21T19:09:27.864Z] <<< [apiv2][body] GET https://firebase-public.firebaseio.com/cli.json {"cloudBuildErrorAfter":1594252800000,"cloudBuildWarnAfter":1590019200000,"defaultNode10After":1594252800000,"minVersion":"3.0.5","node8DeploysDisabledAfter":1613390400000,"node8RuntimeDisabledAfter":1615809600000,"node8WarnAfter":1600128000000}
[info] 
=== Project Setup
[info] 
[info] First, let's associate this project directory with a Firebase project.
[info] You can create multiple project aliases by running firebase use --add, 
[info] but for now we'll just set up a default project.
[info] 
[debug] [2023-10-21T19:09:36.740Z] > refreshing access token with scopes: []
[debug] [2023-10-21T19:09:36.742Z] >>> [apiv2][query] POST https://www.googleapis.com/oauth2/v3/token [none]
[debug] [2023-10-21T19:09:36.742Z] >>> [apiv2][body] POST https://www.googleapis.com/oauth2/v3/token [omitted]
[debug] [2023-10-21T19:09:38.758Z] <<< [apiv2][status] POST https://www.googleapis.com/oauth2/v3/token 200
[debug] [2023-10-21T19:09:38.759Z] <<< [apiv2][body] POST https://www.googleapis.com/oauth2/v3/token [omitted]
[debug] [2023-10-21T19:09:38.788Z] >>> [apiv2][query] GET https://firebase.googleapis.com/v1beta1/projects pageSize=100
[debug] [2023-10-21T19:09:40.441Z] <<< [apiv2][status] GET https://firebase.googleapis.com/v1beta1/projects 200
[debug] [2023-10-21T19:09:40.441Z] <<< [apiv2][body] GET https://firebase.googleapis.com/v1beta1/projects [omitted]
